<?xml version="1.0" encoding="UTF-8"?>
<coverage generated="1697946264945" clover="3.2.0">
  <project timestamp="1697946264945" name="All files">
    <metrics statements="16" coveredstatements="16" conditionals="8" coveredconditionals="8" methods="6" coveredmethods="6" elements="30" coveredelements="30" complexity="0" loc="16" ncloc="16" packages="1" files="2" classes="2"/>
    <file name="clipboardUtils.js" path="/Users/timothydehof/Dev/scrimba/projects/passwordGenerator/src/utils/clipboardUtils.js">
      <metrics statements="2" coveredstatements="2" conditionals="0" coveredconditionals="0" methods="1" coveredmethods="1"/>
      <line num="1" count="1" type="stmt"/>
      <line num="2" count="1" type="stmt"/>
    </file>
    <file name="passwordUtils.js" path="/Users/timothydehof/Dev/scrimba/projects/passwordGenerator/src/utils/passwordUtils.js">
      <metrics statements="14" coveredstatements="14" conditionals="8" coveredconditionals="8" methods="5" coveredmethods="5"/>
      <line num="2" count="1" type="stmt"/>
      <line num="4" count="1" type="stmt"/>
      <line num="5" count="6" type="cond" truecount="4" falsecount="0"/>
      <line num="6" count="5" type="cond" truecount="2" falsecount="0"/>
      <line num="7" count="1" type="stmt"/>
      <line num="8" count="4" type="cond" truecount="2" falsecount="0"/>
      <line num="9" count="3" type="stmt"/>
      <line num="12" count="1" type="stmt"/>
      <line num="13" count="12" type="stmt"/>
      <line num="15" count="63" type="stmt"/>
      <line num="19" count="1" type="stmt"/>
      <line num="24" count="2" type="stmt"/>
      <line num="28" count="2" type="stmt"/>
      <line num="29" count="8" type="stmt"/>
    </file>
  </project>
</coverage>
