{"/Users/timothydehof/Dev/scrimba/projects/passwordGenerator/src/utils/clipboardUtils.js": {"path":"/Users/timothydehof/Dev/scrimba/projects/passwordGenerator/src/utils/clipboardUtils.js","statementMap":{"0":{"start":{"line":1,"column":31},"end":{"line":3,"column":1}},"1":{"start":{"line":2,"column":2},"end":{"line":2,"column":44}}},"fnMap":{"0":{"name":"(anonymous_0)","decl":{"start":{"line":1,"column":31},"end":{"line":1,"column":32}},"loc":{"start":{"line":1,"column":47},"end":{"line":3,"column":1}},"line":1}},"branchMap":{},"s":{"0":1,"1":1},"f":{"0":1},"b":{},"_coverageSchema":"1a1c01bbd47fc00a2c39e90264f33305004495a9","hash":"67d1c7e55d732cb241c216778ab2cc534a764fc7"}
,"/Users/timothydehof/Dev/scrimba/projects/passwordGenerator/src/utils/passwordUtils.js": {"path":"/Users/timothydehof/Dev/scrimba/projects/passwordGenerator/src/utils/passwordUtils.js","statementMap":{"0":{"start":{"line":2,"column":2},"end":{"line":2,"column":95}},"1":{"start":{"line":4,"column":37},"end":{"line":10,"column":1}},"2":{"start":{"line":5,"column":2},"end":{"line":5,"column":73}},"3":{"start":{"line":5,"column":42},"end":{"line":5,"column":73}},"4":{"start":{"line":6,"column":2},"end":{"line":7,"column":65}},"5":{"start":{"line":7,"column":4},"end":{"line":7,"column":65}},"6":{"start":{"line":8,"column":2},"end":{"line":8,"column":54}},"7":{"start":{"line":8,"column":23},"end":{"line":8,"column":54}},"8":{"start":{"line":9,"column":2},"end":{"line":9,"column":20}},"9":{"start":{"line":12,"column":30},"end":{"line":17,"column":1}},"10":{"start":{"line":13,"column":2},"end":{"line":16,"column":13}},"11":{"start":{"line":15,"column":10},"end":{"line":15,"column":73}},"12":{"start":{"line":19,"column":33},"end":{"line":31,"column":1}},"13":{"start":{"line":24,"column":24},"end":{"line":27,"column":4}},"14":{"start":{"line":28,"column":2},"end":{"line":30,"column":4}},"15":{"start":{"line":29,"column":4},"end":{"line":29,"column":49}}},"fnMap":{"0":{"name":"(anonymous_0)","decl":{"start":{"line":4,"column":37},"end":{"line":4,"column":38}},"loc":{"start":{"line":4,"column":77},"end":{"line":10,"column":1}},"line":4},"1":{"name":"(anonymous_1)","decl":{"start":{"line":12,"column":30},"end":{"line":12,"column":31}},"loc":{"start":{"line":12,"column":57},"end":{"line":17,"column":1}},"line":12},"2":{"name":"(anonymous_2)","decl":{"start":{"line":15,"column":4},"end":{"line":15,"column":5}},"loc":{"start":{"line":15,"column":10},"end":{"line":15,"column":73}},"line":15},"3":{"name":"(anonymous_3)","decl":{"start":{"line":19,"column":33},"end":{"line":19,"column":34}},"loc":{"start":{"line":23,"column":6},"end":{"line":31,"column":1}},"line":23},"4":{"name":"(anonymous_4)","decl":{"start":{"line":28,"column":35},"end":{"line":28,"column":36}},"loc":{"start":{"line":29,"column":4},"end":{"line":29,"column":49}},"line":29}},"branchMap":{"0":{"loc":{"start":{"line":5,"column":2},"end":{"line":5,"column":73}},"type":"if","locations":[{"start":{"line":5,"column":2},"end":{"line":5,"column":73}},{"start":{},"end":{}}],"line":5},"1":{"loc":{"start":{"line":5,"column":6},"end":{"line":5,"column":40}},"type":"binary-expr","locations":[{"start":{"line":5,"column":6},"end":{"line":5,"column":21}},{"start":{"line":5,"column":25},"end":{"line":5,"column":40}}],"line":5},"2":{"loc":{"start":{"line":6,"column":2},"end":{"line":7,"column":65}},"type":"if","locations":[{"start":{"line":6,"column":2},"end":{"line":7,"column":65}},{"start":{},"end":{}}],"line":6},"3":{"loc":{"start":{"line":8,"column":2},"end":{"line":8,"column":54}},"type":"if","locations":[{"start":{"line":8,"column":2},"end":{"line":8,"column":54}},{"start":{},"end":{}}],"line":8}},"s":{"0":1,"1":1,"2":6,"3":1,"4":5,"5":1,"6":4,"7":1,"8":3,"9":1,"10":12,"11":63,"12":1,"13":2,"14":2,"15":8},"f":{"0":6,"1":12,"2":63,"3":2,"4":8},"b":{"0":[1,5],"1":[6,2],"2":[1,4],"3":[1,3]},"_coverageSchema":"1a1c01bbd47fc00a2c39e90264f33305004495a9","hash":"859cdfc1c2556dca1aae939382f578957a60fdff"}
}
