TN:
SF:src/utils/clipboardUtils.js
FN:1,(anonymous_0)
FNF:1
FNH:1
FNDA:1,(anonymous_0)
DA:1,1
DA:2,1
LF:2
LH:2
BRF:0
BRH:0
end_of_record
TN:
SF:src/utils/passwordUtils.js
FN:4,(anonymous_0)
FN:12,(anonymous_1)
FN:15,(anonymous_2)
FN:19,(anonymous_3)
FN:28,(anonymous_4)
FNF:5
FNH:5
FNDA:6,(anonymous_0)
FNDA:12,(anonymous_1)
FNDA:63,(anonymous_2)
FNDA:2,(anonymous_3)
FNDA:8,(anonymous_4)
DA:2,1
DA:4,1
DA:5,6
DA:6,5
DA:7,1
DA:8,4
DA:9,3
DA:12,1
DA:13,12
DA:15,63
DA:19,1
DA:24,2
DA:28,2
DA:29,8
LF:14
LH:14
BRDA:5,0,0,1
BRDA:5,0,1,5
BRDA:5,1,0,6
BRDA:5,1,1,2
BRDA:6,2,0,1
BRDA:6,2,1,4
BRDA:8,3,0,1
BRDA:8,3,1,3
BRF:8
BRH:8
end_of_record
